13:40:19.660[ERROR][main]com.lrh.db.DBUtils - jdbc connect error. 
 {}
com.mysql.jdbc.exceptions.jdbc4.CommunicationsException: Communications link failure

The last packet sent successfully to the server was 0 milliseconds ago. The driver has not received any packets from the server.
	at sun.reflect.NativeConstructorAccessorImpl.newInstance0(Native Method) ~[na:1.8.0_40]
	at sun.reflect.NativeConstructorAccessorImpl.newInstance(NativeConstructorAccessorImpl.java:62) ~[na:1.8.0_40]
	at sun.reflect.DelegatingConstructorAccessorImpl.newInstance(DelegatingConstructorAccessorImpl.java:45) ~[na:1.8.0_40]
	at java.lang.reflect.Constructor.newInstance(Constructor.java:422) ~[na:1.8.0_40]
	at com.mysql.jdbc.Util.handleNewInstance(Util.java:411) ~[mysql-connector-java-5.1.25.jar:na]
	at com.mysql.jdbc.SQLError.createCommunicationsException(SQLError.java:1121) ~[mysql-connector-java-5.1.25.jar:na]
	at com.mysql.jdbc.MysqlIO.<init>(MysqlIO.java:357) ~[mysql-connector-java-5.1.25.jar:na]
	at com.mysql.jdbc.ConnectionImpl.coreConnect(ConnectionImpl.java:2479) ~[mysql-connector-java-5.1.25.jar:na]
	at com.mysql.jdbc.ConnectionImpl.connectOneTryOnly(ConnectionImpl.java:2516) ~[mysql-connector-java-5.1.25.jar:na]
	at com.mysql.jdbc.ConnectionImpl.createNewIO(ConnectionImpl.java:2301) ~[mysql-connector-java-5.1.25.jar:na]
	at com.mysql.jdbc.ConnectionImpl.<init>(ConnectionImpl.java:834) ~[mysql-connector-java-5.1.25.jar:na]
	at com.mysql.jdbc.JDBC4Connection.<init>(JDBC4Connection.java:47) ~[mysql-connector-java-5.1.25.jar:na]
	at sun.reflect.NativeConstructorAccessorImpl.newInstance0(Native Method) ~[na:1.8.0_40]
	at sun.reflect.NativeConstructorAccessorImpl.newInstance(NativeConstructorAccessorImpl.java:62) ~[na:1.8.0_40]
	at sun.reflect.DelegatingConstructorAccessorImpl.newInstance(DelegatingConstructorAccessorImpl.java:45) ~[na:1.8.0_40]
	at java.lang.reflect.Constructor.newInstance(Constructor.java:422) ~[na:1.8.0_40]
	at com.mysql.jdbc.Util.handleNewInstance(Util.java:411) ~[mysql-connector-java-5.1.25.jar:na]
	at com.mysql.jdbc.ConnectionImpl.getInstance(ConnectionImpl.java:416) ~[mysql-connector-java-5.1.25.jar:na]
	at com.mysql.jdbc.NonRegisteringDriver.connect(NonRegisteringDriver.java:346) ~[mysql-connector-java-5.1.25.jar:na]
	at java.sql.DriverManager.getConnection(DriverManager.java:664) ~[na:1.8.0_40]
	at java.sql.DriverManager.getConnection(DriverManager.java:247) ~[na:1.8.0_40]
	at com.lrh.db.DBUtils.getConnection(DBUtils.java:49) ~[classes/:na]
	at com.lrh.praser.TablePrase.prase(TablePrase.java:37) [classes/:na]
	at com.lrh.GenCode.gen(GenCode.java:43) [classes/:na]
	at com.lrh.GenCode.main(GenCode.java:38) [classes/:na]
Caused by: java.net.ConnectException: Connection refused: connect
	at java.net.DualStackPlainSocketImpl.connect0(Native Method) ~[na:1.8.0_40]
	at java.net.DualStackPlainSocketImpl.socketConnect(DualStackPlainSocketImpl.java:79) ~[na:1.8.0_40]
	at java.net.AbstractPlainSocketImpl.doConnect(AbstractPlainSocketImpl.java:345) ~[na:1.8.0_40]
	at java.net.AbstractPlainSocketImpl.connectToAddress(AbstractPlainSocketImpl.java:206) ~[na:1.8.0_40]
	at java.net.AbstractPlainSocketImpl.connect(AbstractPlainSocketImpl.java:188) ~[na:1.8.0_40]
	at java.net.PlainSocketImpl.connect(PlainSocketImpl.java:172) ~[na:1.8.0_40]
	at java.net.SocksSocketImpl.connect(SocksSocketImpl.java:392) ~[na:1.8.0_40]
	at java.net.Socket.connect(Socket.java:589) ~[na:1.8.0_40]
	at java.net.Socket.connect(Socket.java:538) ~[na:1.8.0_40]
	at java.net.Socket.<init>(Socket.java:434) ~[na:1.8.0_40]
	at java.net.Socket.<init>(Socket.java:244) ~[na:1.8.0_40]
	at com.mysql.jdbc.StandardSocketFactory.connect(StandardSocketFactory.java:259) ~[mysql-connector-java-5.1.25.jar:na]
	at com.mysql.jdbc.MysqlIO.<init>(MysqlIO.java:307) ~[mysql-connector-java-5.1.25.jar:na]
	... 18 common frames omitted
13:40:19.687[ERROR][main]com.lrh.praser.TablePrase - 
java.lang.RuntimeException: com.mysql.jdbc.exceptions.jdbc4.CommunicationsException: Communications link failure

The last packet sent successfully to the server was 0 milliseconds ago. The driver has not received any packets from the server.
	at com.lrh.db.DBUtils.getConnection(DBUtils.java:52) ~[classes/:na]
	at com.lrh.praser.TablePrase.prase(TablePrase.java:37) ~[classes/:na]
	at com.lrh.GenCode.gen(GenCode.java:43) [classes/:na]
	at com.lrh.GenCode.main(GenCode.java:38) [classes/:na]
Caused by: com.mysql.jdbc.exceptions.jdbc4.CommunicationsException: Communications link failure

The last packet sent successfully to the server was 0 milliseconds ago. The driver has not received any packets from the server.
	at sun.reflect.NativeConstructorAccessorImpl.newInstance0(Native Method) ~[na:1.8.0_40]
	at sun.reflect.NativeConstructorAccessorImpl.newInstance(NativeConstructorAccessorImpl.java:62) ~[na:1.8.0_40]
	at sun.reflect.DelegatingConstructorAccessorImpl.newInstance(DelegatingConstructorAccessorImpl.java:45) ~[na:1.8.0_40]
	at java.lang.reflect.Constructor.newInstance(Constructor.java:422) ~[na:1.8.0_40]
	at com.mysql.jdbc.Util.handleNewInstance(Util.java:411) ~[mysql-connector-java-5.1.25.jar:na]
	at com.mysql.jdbc.SQLError.createCommunicationsException(SQLError.java:1121) ~[mysql-connector-java-5.1.25.jar:na]
	at com.mysql.jdbc.MysqlIO.<init>(MysqlIO.java:357) ~[mysql-connector-java-5.1.25.jar:na]
	at com.mysql.jdbc.ConnectionImpl.coreConnect(ConnectionImpl.java:2479) ~[mysql-connector-java-5.1.25.jar:na]
	at com.mysql.jdbc.ConnectionImpl.connectOneTryOnly(ConnectionImpl.java:2516) ~[mysql-connector-java-5.1.25.jar:na]
	at com.mysql.jdbc.ConnectionImpl.createNewIO(ConnectionImpl.java:2301) ~[mysql-connector-java-5.1.25.jar:na]
	at com.mysql.jdbc.ConnectionImpl.<init>(ConnectionImpl.java:834) ~[mysql-connector-java-5.1.25.jar:na]
	at com.mysql.jdbc.JDBC4Connection.<init>(JDBC4Connection.java:47) ~[mysql-connector-java-5.1.25.jar:na]
	at sun.reflect.NativeConstructorAccessorImpl.newInstance0(Native Method) ~[na:1.8.0_40]
	at sun.reflect.NativeConstructorAccessorImpl.newInstance(NativeConstructorAccessorImpl.java:62) ~[na:1.8.0_40]
	at sun.reflect.DelegatingConstructorAccessorImpl.newInstance(DelegatingConstructorAccessorImpl.java:45) ~[na:1.8.0_40]
	at java.lang.reflect.Constructor.newInstance(Constructor.java:422) ~[na:1.8.0_40]
	at com.mysql.jdbc.Util.handleNewInstance(Util.java:411) ~[mysql-connector-java-5.1.25.jar:na]
	at com.mysql.jdbc.ConnectionImpl.getInstance(ConnectionImpl.java:416) ~[mysql-connector-java-5.1.25.jar:na]
	at com.mysql.jdbc.NonRegisteringDriver.connect(NonRegisteringDriver.java:346) ~[mysql-connector-java-5.1.25.jar:na]
	at java.sql.DriverManager.getConnection(DriverManager.java:664) ~[na:1.8.0_40]
	at java.sql.DriverManager.getConnection(DriverManager.java:247) ~[na:1.8.0_40]
	at com.lrh.db.DBUtils.getConnection(DBUtils.java:49) ~[classes/:na]
	... 3 common frames omitted
Caused by: java.net.ConnectException: Connection refused: connect
	at java.net.DualStackPlainSocketImpl.connect0(Native Method) ~[na:1.8.0_40]
	at java.net.DualStackPlainSocketImpl.socketConnect(DualStackPlainSocketImpl.java:79) ~[na:1.8.0_40]
	at java.net.AbstractPlainSocketImpl.doConnect(AbstractPlainSocketImpl.java:345) ~[na:1.8.0_40]
	at java.net.AbstractPlainSocketImpl.connectToAddress(AbstractPlainSocketImpl.java:206) ~[na:1.8.0_40]
	at java.net.AbstractPlainSocketImpl.connect(AbstractPlainSocketImpl.java:188) ~[na:1.8.0_40]
	at java.net.PlainSocketImpl.connect(PlainSocketImpl.java:172) ~[na:1.8.0_40]
	at java.net.SocksSocketImpl.connect(SocksSocketImpl.java:392) ~[na:1.8.0_40]
	at java.net.Socket.connect(Socket.java:589) ~[na:1.8.0_40]
	at java.net.Socket.connect(Socket.java:538) ~[na:1.8.0_40]
	at java.net.Socket.<init>(Socket.java:434) ~[na:1.8.0_40]
	at java.net.Socket.<init>(Socket.java:244) ~[na:1.8.0_40]
	at com.mysql.jdbc.StandardSocketFactory.connect(StandardSocketFactory.java:259) ~[mysql-connector-java-5.1.25.jar:na]
	at com.mysql.jdbc.MysqlIO.<init>(MysqlIO.java:307) ~[mysql-connector-java-5.1.25.jar:na]
	... 18 common frames omitted
15:14:33.907[WARN ][main]com.lrh.util.FileUtil - cleanDir error 
java.io.FileNotFoundException: File does not exist: D:\gen\com\lrh\springboot\mybatis
	at org.apache.commons.io.FileUtils.forceDelete(FileUtils.java:2275) ~[commons-io-2.4.jar:2.4]
	at com.lrh.util.FileUtil.cleanDir(FileUtil.java:34) ~[classes/:na]
	at com.lrh.rule.Strategy.init(Strategy.java:56) [classes/:na]
	at com.lrh.GenCode.gen(GenCode.java:41) [classes/:na]
	at com.lrh.GenCode.main(GenCode.java:37) [classes/:na]
15:14:37.874[ERROR][main]com.lrh.praser.FreemarkerPrase - 
java.io.IOException: 系统找不到指定的路径。
	at java.io.WinNTFileSystem.createFileExclusively(Native Method) ~[na:1.8.0_40]
	at java.io.File.createNewFile(File.java:1012) ~[na:1.8.0_40]
	at com.lrh.praser.FreemarkerPrase.prase(FreemarkerPrase.java:125) [classes/:na]
	at com.lrh.praser.FreemarkerPrase.praseEntity(FreemarkerPrase.java:114) [classes/:na]
	at com.lrh.praser.FreemarkerPrase.praseTemplate(FreemarkerPrase.java:59) [classes/:na]
	at com.lrh.GenCode.gen(GenCode.java:43) [classes/:na]
	at com.lrh.GenCode.main(GenCode.java:37) [classes/:na]
15:14:37.878[ERROR][main]com.lrh.praser.FreemarkerPrase - 
java.io.IOException: 系统找不到指定的路径。
	at java.io.WinNTFileSystem.createFileExclusively(Native Method) ~[na:1.8.0_40]
	at java.io.File.createNewFile(File.java:1012) ~[na:1.8.0_40]
	at com.lrh.praser.FreemarkerPrase.prase(FreemarkerPrase.java:125) [classes/:na]
	at com.lrh.praser.FreemarkerPrase.praseMapper(FreemarkerPrase.java:104) [classes/:na]
	at com.lrh.praser.FreemarkerPrase.praseTemplate(FreemarkerPrase.java:60) [classes/:na]
	at com.lrh.GenCode.gen(GenCode.java:43) [classes/:na]
	at com.lrh.GenCode.main(GenCode.java:37) [classes/:na]
15:14:37.896[ERROR][main]com.lrh.praser.FreemarkerPrase - 
java.io.IOException: 系统找不到指定的路径。
	at java.io.WinNTFileSystem.createFileExclusively(Native Method) ~[na:1.8.0_40]
	at java.io.File.createNewFile(File.java:1012) ~[na:1.8.0_40]
	at com.lrh.praser.FreemarkerPrase.prase(FreemarkerPrase.java:125) [classes/:na]
	at com.lrh.praser.FreemarkerPrase.praseMapperXml(FreemarkerPrase.java:109) [classes/:na]
	at com.lrh.praser.FreemarkerPrase.praseTemplate(FreemarkerPrase.java:61) [classes/:na]
	at com.lrh.GenCode.gen(GenCode.java:43) [classes/:na]
	at com.lrh.GenCode.main(GenCode.java:37) [classes/:na]
15:14:37.898[ERROR][main]com.lrh.praser.FreemarkerPrase - 
java.io.IOException: 系统找不到指定的路径。
	at java.io.WinNTFileSystem.createFileExclusively(Native Method) ~[na:1.8.0_40]
	at java.io.File.createNewFile(File.java:1012) ~[na:1.8.0_40]
	at com.lrh.praser.FreemarkerPrase.prase(FreemarkerPrase.java:125) [classes/:na]
	at com.lrh.praser.FreemarkerPrase.praseService(FreemarkerPrase.java:94) [classes/:na]
	at com.lrh.praser.FreemarkerPrase.praseTemplate(FreemarkerPrase.java:62) [classes/:na]
	at com.lrh.GenCode.gen(GenCode.java:43) [classes/:na]
	at com.lrh.GenCode.main(GenCode.java:37) [classes/:na]
15:14:37.900[ERROR][main]com.lrh.praser.FreemarkerPrase - 
java.io.IOException: 系统找不到指定的路径。
	at java.io.WinNTFileSystem.createFileExclusively(Native Method) ~[na:1.8.0_40]
	at java.io.File.createNewFile(File.java:1012) ~[na:1.8.0_40]
	at com.lrh.praser.FreemarkerPrase.prase(FreemarkerPrase.java:125) [classes/:na]
	at com.lrh.praser.FreemarkerPrase.praseServiceImpl(FreemarkerPrase.java:99) [classes/:na]
	at com.lrh.praser.FreemarkerPrase.praseTemplate(FreemarkerPrase.java:63) [classes/:na]
	at com.lrh.GenCode.gen(GenCode.java:43) [classes/:na]
	at com.lrh.GenCode.main(GenCode.java:37) [classes/:na]
15:14:41.051[WARN ][main]com.lrh.util.FileUtil - cleanDir error 
java.io.FileNotFoundException: File does not exist: D:\gen\com\lrh\springboot\mybatis
	at org.apache.commons.io.FileUtils.forceDelete(FileUtils.java:2275) ~[commons-io-2.4.jar:2.4]
	at com.lrh.util.FileUtil.cleanDir(FileUtil.java:34) ~[classes/:na]
	at com.lrh.rule.Strategy.init(Strategy.java:56) [classes/:na]
	at com.lrh.GenCode.gen(GenCode.java:41) [classes/:na]
	at com.lrh.GenCode.main(GenCode.java:37) [classes/:na]
15:15:08.042[ERROR][main]com.lrh.praser.FreemarkerPrase - 
java.io.IOException: 系统找不到指定的路径。
	at java.io.WinNTFileSystem.createFileExclusively(Native Method) ~[na:1.8.0_40]
	at java.io.File.createNewFile(File.java:1012) ~[na:1.8.0_40]
	at com.lrh.praser.FreemarkerPrase.prase(FreemarkerPrase.java:125) [classes/:na]
	at com.lrh.praser.FreemarkerPrase.praseEntity(FreemarkerPrase.java:114) [classes/:na]
	at com.lrh.praser.FreemarkerPrase.praseTemplate(FreemarkerPrase.java:59) [classes/:na]
	at com.lrh.GenCode.gen(GenCode.java:43) [classes/:na]
	at com.lrh.GenCode.main(GenCode.java:37) [classes/:na]
15:15:08.047[ERROR][main]com.lrh.praser.FreemarkerPrase - 
java.io.IOException: 系统找不到指定的路径。
	at java.io.WinNTFileSystem.createFileExclusively(Native Method) ~[na:1.8.0_40]
	at java.io.File.createNewFile(File.java:1012) ~[na:1.8.0_40]
	at com.lrh.praser.FreemarkerPrase.prase(FreemarkerPrase.java:125) [classes/:na]
	at com.lrh.praser.FreemarkerPrase.praseMapper(FreemarkerPrase.java:104) [classes/:na]
	at com.lrh.praser.FreemarkerPrase.praseTemplate(FreemarkerPrase.java:60) [classes/:na]
	at com.lrh.GenCode.gen(GenCode.java:43) [classes/:na]
	at com.lrh.GenCode.main(GenCode.java:37) [classes/:na]
15:15:08.066[ERROR][main]com.lrh.praser.FreemarkerPrase - 
java.io.IOException: 系统找不到指定的路径。
	at java.io.WinNTFileSystem.createFileExclusively(Native Method) ~[na:1.8.0_40]
	at java.io.File.createNewFile(File.java:1012) ~[na:1.8.0_40]
	at com.lrh.praser.FreemarkerPrase.prase(FreemarkerPrase.java:125) [classes/:na]
	at com.lrh.praser.FreemarkerPrase.praseMapperXml(FreemarkerPrase.java:109) [classes/:na]
	at com.lrh.praser.FreemarkerPrase.praseTemplate(FreemarkerPrase.java:61) [classes/:na]
	at com.lrh.GenCode.gen(GenCode.java:43) [classes/:na]
	at com.lrh.GenCode.main(GenCode.java:37) [classes/:na]
15:15:08.068[ERROR][main]com.lrh.praser.FreemarkerPrase - 
java.io.IOException: 系统找不到指定的路径。
	at java.io.WinNTFileSystem.createFileExclusively(Native Method) ~[na:1.8.0_40]
	at java.io.File.createNewFile(File.java:1012) ~[na:1.8.0_40]
	at com.lrh.praser.FreemarkerPrase.prase(FreemarkerPrase.java:125) [classes/:na]
	at com.lrh.praser.FreemarkerPrase.praseService(FreemarkerPrase.java:94) [classes/:na]
	at com.lrh.praser.FreemarkerPrase.praseTemplate(FreemarkerPrase.java:62) [classes/:na]
	at com.lrh.GenCode.gen(GenCode.java:43) [classes/:na]
	at com.lrh.GenCode.main(GenCode.java:37) [classes/:na]
15:15:08.072[ERROR][main]com.lrh.praser.FreemarkerPrase - 
java.io.IOException: 系统找不到指定的路径。
	at java.io.WinNTFileSystem.createFileExclusively(Native Method) ~[na:1.8.0_40]
	at java.io.File.createNewFile(File.java:1012) ~[na:1.8.0_40]
	at com.lrh.praser.FreemarkerPrase.prase(FreemarkerPrase.java:125) [classes/:na]
	at com.lrh.praser.FreemarkerPrase.praseServiceImpl(FreemarkerPrase.java:99) [classes/:na]
	at com.lrh.praser.FreemarkerPrase.praseTemplate(FreemarkerPrase.java:63) [classes/:na]
	at com.lrh.GenCode.gen(GenCode.java:43) [classes/:na]
	at com.lrh.GenCode.main(GenCode.java:37) [classes/:na]
15:23:14.866[WARN ][main]com.lrh.util.FileUtil - cleanDir error 
java.io.FileNotFoundException: File does not exist: D:\gen\com\lrh\springboot\mybatis
	at org.apache.commons.io.FileUtils.forceDelete(FileUtils.java:2275) ~[commons-io-2.4.jar:2.4]
	at com.lrh.util.FileUtil.cleanDir(FileUtil.java:34) ~[classes/:na]
	at com.lrh.rule.Strategy.init(Strategy.java:56) [classes/:na]
	at com.lrh.GenCode.gen(GenCode.java:41) [classes/:na]
	at com.lrh.GenCode.main(GenCode.java:37) [classes/:na]
15:23:17.462[ERROR][main]com.lrh.praser.FreemarkerPrase - 
java.io.IOException: 系统找不到指定的路径。
	at java.io.WinNTFileSystem.createFileExclusively(Native Method) ~[na:1.8.0_40]
	at java.io.File.createNewFile(File.java:1012) ~[na:1.8.0_40]
	at com.lrh.praser.FreemarkerPrase.prase(FreemarkerPrase.java:125) [classes/:na]
	at com.lrh.praser.FreemarkerPrase.praseEntity(FreemarkerPrase.java:114) [classes/:na]
	at com.lrh.praser.FreemarkerPrase.praseTemplate(FreemarkerPrase.java:59) [classes/:na]
	at com.lrh.GenCode.gen(GenCode.java:43) [classes/:na]
	at com.lrh.GenCode.main(GenCode.java:37) [classes/:na]
15:23:17.467[ERROR][main]com.lrh.praser.FreemarkerPrase - 
java.io.IOException: 系统找不到指定的路径。
	at java.io.WinNTFileSystem.createFileExclusively(Native Method) ~[na:1.8.0_40]
	at java.io.File.createNewFile(File.java:1012) ~[na:1.8.0_40]
	at com.lrh.praser.FreemarkerPrase.prase(FreemarkerPrase.java:125) [classes/:na]
	at com.lrh.praser.FreemarkerPrase.praseMapper(FreemarkerPrase.java:104) [classes/:na]
	at com.lrh.praser.FreemarkerPrase.praseTemplate(FreemarkerPrase.java:60) [classes/:na]
	at com.lrh.GenCode.gen(GenCode.java:43) [classes/:na]
	at com.lrh.GenCode.main(GenCode.java:37) [classes/:na]
15:23:17.484[ERROR][main]com.lrh.praser.FreemarkerPrase - 
java.io.IOException: 系统找不到指定的路径。
	at java.io.WinNTFileSystem.createFileExclusively(Native Method) ~[na:1.8.0_40]
	at java.io.File.createNewFile(File.java:1012) ~[na:1.8.0_40]
	at com.lrh.praser.FreemarkerPrase.prase(FreemarkerPrase.java:125) [classes/:na]
	at com.lrh.praser.FreemarkerPrase.praseMapperXml(FreemarkerPrase.java:109) [classes/:na]
	at com.lrh.praser.FreemarkerPrase.praseTemplate(FreemarkerPrase.java:61) [classes/:na]
	at com.lrh.GenCode.gen(GenCode.java:43) [classes/:na]
	at com.lrh.GenCode.main(GenCode.java:37) [classes/:na]
15:23:17.486[ERROR][main]com.lrh.praser.FreemarkerPrase - 
java.io.IOException: 系统找不到指定的路径。
	at java.io.WinNTFileSystem.createFileExclusively(Native Method) ~[na:1.8.0_40]
	at java.io.File.createNewFile(File.java:1012) ~[na:1.8.0_40]
	at com.lrh.praser.FreemarkerPrase.prase(FreemarkerPrase.java:125) [classes/:na]
	at com.lrh.praser.FreemarkerPrase.praseService(FreemarkerPrase.java:94) [classes/:na]
	at com.lrh.praser.FreemarkerPrase.praseTemplate(FreemarkerPrase.java:62) [classes/:na]
	at com.lrh.GenCode.gen(GenCode.java:43) [classes/:na]
	at com.lrh.GenCode.main(GenCode.java:37) [classes/:na]
15:23:17.489[ERROR][main]com.lrh.praser.FreemarkerPrase - 
java.io.IOException: 系统找不到指定的路径。
	at java.io.WinNTFileSystem.createFileExclusively(Native Method) ~[na:1.8.0_40]
	at java.io.File.createNewFile(File.java:1012) ~[na:1.8.0_40]
	at com.lrh.praser.FreemarkerPrase.prase(FreemarkerPrase.java:125) [classes/:na]
	at com.lrh.praser.FreemarkerPrase.praseServiceImpl(FreemarkerPrase.java:99) [classes/:na]
	at com.lrh.praser.FreemarkerPrase.praseTemplate(FreemarkerPrase.java:63) [classes/:na]
	at com.lrh.GenCode.gen(GenCode.java:43) [classes/:na]
	at com.lrh.GenCode.main(GenCode.java:37) [classes/:na]
15:24:30.282[WARN ][main]com.lrh.util.FileUtil - cleanDir error 
java.io.FileNotFoundException: File does not exist: D:\gen\com\lrh\springboot\mybatis
	at org.apache.commons.io.FileUtils.forceDelete(FileUtils.java:2275) ~[commons-io-2.4.jar:2.4]
	at com.lrh.util.FileUtil.cleanDir(FileUtil.java:34) ~[classes/:na]
	at com.lrh.rule.Strategy.init(Strategy.java:56) [classes/:na]
	at com.lrh.GenCode.gen(GenCode.java:41) [classes/:na]
	at com.lrh.GenCode.main(GenCode.java:37) [classes/:na]
15:24:31.658[ERROR][main]com.lrh.praser.FreemarkerPrase - 
java.io.IOException: 系统找不到指定的路径。
	at java.io.WinNTFileSystem.createFileExclusively(Native Method) ~[na:1.8.0_40]
	at java.io.File.createNewFile(File.java:1012) ~[na:1.8.0_40]
	at com.lrh.praser.FreemarkerPrase.prase(FreemarkerPrase.java:125) [classes/:na]
	at com.lrh.praser.FreemarkerPrase.praseEntity(FreemarkerPrase.java:114) [classes/:na]
	at com.lrh.praser.FreemarkerPrase.praseTemplate(FreemarkerPrase.java:59) [classes/:na]
	at com.lrh.GenCode.gen(GenCode.java:43) [classes/:na]
	at com.lrh.GenCode.main(GenCode.java:37) [classes/:na]
15:24:31.663[ERROR][main]com.lrh.praser.FreemarkerPrase - 
java.io.IOException: 系统找不到指定的路径。
	at java.io.WinNTFileSystem.createFileExclusively(Native Method) ~[na:1.8.0_40]
	at java.io.File.createNewFile(File.java:1012) ~[na:1.8.0_40]
	at com.lrh.praser.FreemarkerPrase.prase(FreemarkerPrase.java:125) [classes/:na]
	at com.lrh.praser.FreemarkerPrase.praseMapper(FreemarkerPrase.java:104) [classes/:na]
	at com.lrh.praser.FreemarkerPrase.praseTemplate(FreemarkerPrase.java:60) [classes/:na]
	at com.lrh.GenCode.gen(GenCode.java:43) [classes/:na]
	at com.lrh.GenCode.main(GenCode.java:37) [classes/:na]
15:24:31.681[ERROR][main]com.lrh.praser.FreemarkerPrase - 
java.io.IOException: 系统找不到指定的路径。
	at java.io.WinNTFileSystem.createFileExclusively(Native Method) ~[na:1.8.0_40]
	at java.io.File.createNewFile(File.java:1012) ~[na:1.8.0_40]
	at com.lrh.praser.FreemarkerPrase.prase(FreemarkerPrase.java:125) [classes/:na]
	at com.lrh.praser.FreemarkerPrase.praseMapperXml(FreemarkerPrase.java:109) [classes/:na]
	at com.lrh.praser.FreemarkerPrase.praseTemplate(FreemarkerPrase.java:61) [classes/:na]
	at com.lrh.GenCode.gen(GenCode.java:43) [classes/:na]
	at com.lrh.GenCode.main(GenCode.java:37) [classes/:na]
15:24:31.682[ERROR][main]com.lrh.praser.FreemarkerPrase - 
java.io.IOException: 系统找不到指定的路径。
	at java.io.WinNTFileSystem.createFileExclusively(Native Method) ~[na:1.8.0_40]
	at java.io.File.createNewFile(File.java:1012) ~[na:1.8.0_40]
	at com.lrh.praser.FreemarkerPrase.prase(FreemarkerPrase.java:125) [classes/:na]
	at com.lrh.praser.FreemarkerPrase.praseService(FreemarkerPrase.java:94) [classes/:na]
	at com.lrh.praser.FreemarkerPrase.praseTemplate(FreemarkerPrase.java:62) [classes/:na]
	at com.lrh.GenCode.gen(GenCode.java:43) [classes/:na]
	at com.lrh.GenCode.main(GenCode.java:37) [classes/:na]
15:24:31.685[ERROR][main]com.lrh.praser.FreemarkerPrase - 
java.io.IOException: 系统找不到指定的路径。
	at java.io.WinNTFileSystem.createFileExclusively(Native Method) ~[na:1.8.0_40]
	at java.io.File.createNewFile(File.java:1012) ~[na:1.8.0_40]
	at com.lrh.praser.FreemarkerPrase.prase(FreemarkerPrase.java:125) [classes/:na]
	at com.lrh.praser.FreemarkerPrase.praseServiceImpl(FreemarkerPrase.java:99) [classes/:na]
	at com.lrh.praser.FreemarkerPrase.praseTemplate(FreemarkerPrase.java:63) [classes/:na]
	at com.lrh.GenCode.gen(GenCode.java:43) [classes/:na]
	at com.lrh.GenCode.main(GenCode.java:37) [classes/:na]
15:24:47.280[ERROR][main]com.lrh.praser.FreemarkerPrase - 
freemarker.core.InvalidReferenceException: The following has evaluated to null or missing:
==> strategy.superServiceImplPackage  [in template "template/ServiceImpl.java.ftl" at line 1, column 11]

----
Tip: It's the step after the last dot that caused this error, not those before it.
----
Tip: If the failing expression is known to legally refer to something that's sometimes null or missing, either specify a default value like myOptionalVar!myDefault, or use <#if myOptionalVar??>when-present<#else>when-missing</#if>. (These only cover the last step of the expression; to cover the whole expression, use parenthesis: (myOptionalVar.foo)!myDefault, (myOptionalVar.foo)??
----

----
FTL stack trace ("~" means nesting-related):
	- Failed at: ${strategy.superServiceImplPackage}  [in template "template/ServiceImpl.java.ftl" at line 1, column 9]
----
	at freemarker.core.InvalidReferenceException.getInstance(InvalidReferenceException.java:134) ~[freemarker-2.3.28.jar:2.3.28]
	at freemarker.core.EvalUtil.coerceModelToTextualCommon(EvalUtil.java:467) ~[freemarker-2.3.28.jar:2.3.28]
	at freemarker.core.EvalUtil.coerceModelToStringOrMarkup(EvalUtil.java:389) ~[freemarker-2.3.28.jar:2.3.28]
	at freemarker.core.EvalUtil.coerceModelToStringOrMarkup(EvalUtil.java:358) ~[freemarker-2.3.28.jar:2.3.28]
	at freemarker.core.DollarVariable.calculateInterpolatedStringOrMarkup(DollarVariable.java:100) ~[freemarker-2.3.28.jar:2.3.28]
	at freemarker.core.DollarVariable.accept(DollarVariable.java:63) ~[freemarker-2.3.28.jar:2.3.28]
	at freemarker.core.Environment.visit(Environment.java:330) ~[freemarker-2.3.28.jar:2.3.28]
	at freemarker.core.Environment.visit(Environment.java:336) ~[freemarker-2.3.28.jar:2.3.28]
	at freemarker.core.Environment.process(Environment.java:309) ~[freemarker-2.3.28.jar:2.3.28]
	at freemarker.template.Template.process(Template.java:384) ~[freemarker-2.3.28.jar:2.3.28]
	at com.lrh.praser.FreemarkerPrase.prase(FreemarkerPrase.java:127) [classes/:na]
	at com.lrh.praser.FreemarkerPrase.praseServiceImpl(FreemarkerPrase.java:99) [classes/:na]
	at com.lrh.praser.FreemarkerPrase.praseTemplate(FreemarkerPrase.java:63) [classes/:na]
	at com.lrh.GenCode.gen(GenCode.java:43) [classes/:na]
	at com.lrh.GenCode.main(GenCode.java:37) [classes/:na]
15:30:00.257[ERROR][main]com.lrh.praser.FreemarkerPrase - 
freemarker.core.InvalidReferenceException: The following has evaluated to null or missing:
==> strategy.superServiceImplPackage  [in template "template/ServiceImpl.java.ftl" at line 1, column 11]

----
Tip: It's the step after the last dot that caused this error, not those before it.
----
Tip: If the failing expression is known to legally refer to something that's sometimes null or missing, either specify a default value like myOptionalVar!myDefault, or use <#if myOptionalVar??>when-present<#else>when-missing</#if>. (These only cover the last step of the expression; to cover the whole expression, use parenthesis: (myOptionalVar.foo)!myDefault, (myOptionalVar.foo)??
----

----
FTL stack trace ("~" means nesting-related):
	- Failed at: ${strategy.superServiceImplPackage}  [in template "template/ServiceImpl.java.ftl" at line 1, column 9]
----
	at freemarker.core.InvalidReferenceException.getInstance(InvalidReferenceException.java:134) ~[freemarker-2.3.28.jar:2.3.28]
	at freemarker.core.EvalUtil.coerceModelToTextualCommon(EvalUtil.java:467) ~[freemarker-2.3.28.jar:2.3.28]
	at freemarker.core.EvalUtil.coerceModelToStringOrMarkup(EvalUtil.java:389) ~[freemarker-2.3.28.jar:2.3.28]
	at freemarker.core.EvalUtil.coerceModelToStringOrMarkup(EvalUtil.java:358) ~[freemarker-2.3.28.jar:2.3.28]
	at freemarker.core.DollarVariable.calculateInterpolatedStringOrMarkup(DollarVariable.java:100) ~[freemarker-2.3.28.jar:2.3.28]
	at freemarker.core.DollarVariable.accept(DollarVariable.java:63) ~[freemarker-2.3.28.jar:2.3.28]
	at freemarker.core.Environment.visit(Environment.java:330) ~[freemarker-2.3.28.jar:2.3.28]
	at freemarker.core.Environment.visit(Environment.java:336) ~[freemarker-2.3.28.jar:2.3.28]
	at freemarker.core.Environment.process(Environment.java:309) ~[freemarker-2.3.28.jar:2.3.28]
	at freemarker.template.Template.process(Template.java:384) ~[freemarker-2.3.28.jar:2.3.28]
	at com.lrh.praser.FreemarkerPrase.prase(FreemarkerPrase.java:127) [classes/:na]
	at com.lrh.praser.FreemarkerPrase.praseServiceImpl(FreemarkerPrase.java:99) [classes/:na]
	at com.lrh.praser.FreemarkerPrase.praseTemplate(FreemarkerPrase.java:63) [classes/:na]
	at com.lrh.GenCode.gen(GenCode.java:43) [classes/:na]
	at com.lrh.GenCode.main(GenCode.java:37) [classes/:na]
15:31:33.717[ERROR][main]com.lrh.praser.FreemarkerPrase - 
freemarker.core.InvalidReferenceException: The following has evaluated to null or missing:
==> strategy.superServiceImplPackage  [in template "template/ServiceImpl.java.ftl" at line 1, column 11]

----
Tip: It's the step after the last dot that caused this error, not those before it.
----
Tip: If the failing expression is known to legally refer to something that's sometimes null or missing, either specify a default value like myOptionalVar!myDefault, or use <#if myOptionalVar??>when-present<#else>when-missing</#if>. (These only cover the last step of the expression; to cover the whole expression, use parenthesis: (myOptionalVar.foo)!myDefault, (myOptionalVar.foo)??
----

----
FTL stack trace ("~" means nesting-related):
	- Failed at: ${strategy.superServiceImplPackage}  [in template "template/ServiceImpl.java.ftl" at line 1, column 9]
----
	at freemarker.core.InvalidReferenceException.getInstance(InvalidReferenceException.java:134) ~[freemarker-2.3.28.jar:2.3.28]
	at freemarker.core.EvalUtil.coerceModelToTextualCommon(EvalUtil.java:467) ~[freemarker-2.3.28.jar:2.3.28]
	at freemarker.core.EvalUtil.coerceModelToStringOrMarkup(EvalUtil.java:389) ~[freemarker-2.3.28.jar:2.3.28]
	at freemarker.core.EvalUtil.coerceModelToStringOrMarkup(EvalUtil.java:358) ~[freemarker-2.3.28.jar:2.3.28]
	at freemarker.core.DollarVariable.calculateInterpolatedStringOrMarkup(DollarVariable.java:100) ~[freemarker-2.3.28.jar:2.3.28]
	at freemarker.core.DollarVariable.accept(DollarVariable.java:63) ~[freemarker-2.3.28.jar:2.3.28]
	at freemarker.core.Environment.visit(Environment.java:330) ~[freemarker-2.3.28.jar:2.3.28]
	at freemarker.core.Environment.visit(Environment.java:336) ~[freemarker-2.3.28.jar:2.3.28]
	at freemarker.core.Environment.process(Environment.java:309) ~[freemarker-2.3.28.jar:2.3.28]
	at freemarker.template.Template.process(Template.java:384) ~[freemarker-2.3.28.jar:2.3.28]
	at com.lrh.praser.FreemarkerPrase.prase(FreemarkerPrase.java:127) [classes/:na]
	at com.lrh.praser.FreemarkerPrase.praseServiceImpl(FreemarkerPrase.java:99) [classes/:na]
	at com.lrh.praser.FreemarkerPrase.praseTemplate(FreemarkerPrase.java:63) [classes/:na]
	at com.lrh.GenCode.gen(GenCode.java:43) [classes/:na]
	at com.lrh.GenCode.main(GenCode.java:37) [classes/:na]
15:32:50.247[ERROR][main]com.lrh.praser.FreemarkerPrase - 
freemarker.core.InvalidReferenceException: The following has evaluated to null or missing:
==> strategy.superServiceImplPackage  [in template "template/ServiceImpl.java.ftl" at line 1, column 11]

----
Tip: It's the step after the last dot that caused this error, not those before it.
----
Tip: If the failing expression is known to legally refer to something that's sometimes null or missing, either specify a default value like myOptionalVar!myDefault, or use <#if myOptionalVar??>when-present<#else>when-missing</#if>. (These only cover the last step of the expression; to cover the whole expression, use parenthesis: (myOptionalVar.foo)!myDefault, (myOptionalVar.foo)??
----

----
FTL stack trace ("~" means nesting-related):
	- Failed at: ${strategy.superServiceImplPackage}  [in template "template/ServiceImpl.java.ftl" at line 1, column 9]
----
	at freemarker.core.InvalidReferenceException.getInstance(InvalidReferenceException.java:134) ~[freemarker-2.3.28.jar:2.3.28]
	at freemarker.core.EvalUtil.coerceModelToTextualCommon(EvalUtil.java:467) ~[freemarker-2.3.28.jar:2.3.28]
	at freemarker.core.EvalUtil.coerceModelToStringOrMarkup(EvalUtil.java:389) ~[freemarker-2.3.28.jar:2.3.28]
	at freemarker.core.EvalUtil.coerceModelToStringOrMarkup(EvalUtil.java:358) ~[freemarker-2.3.28.jar:2.3.28]
	at freemarker.core.DollarVariable.calculateInterpolatedStringOrMarkup(DollarVariable.java:100) ~[freemarker-2.3.28.jar:2.3.28]
	at freemarker.core.DollarVariable.accept(DollarVariable.java:63) ~[freemarker-2.3.28.jar:2.3.28]
	at freemarker.core.Environment.visit(Environment.java:330) ~[freemarker-2.3.28.jar:2.3.28]
	at freemarker.core.Environment.visit(Environment.java:336) ~[freemarker-2.3.28.jar:2.3.28]
	at freemarker.core.Environment.process(Environment.java:309) ~[freemarker-2.3.28.jar:2.3.28]
	at freemarker.template.Template.process(Template.java:384) ~[freemarker-2.3.28.jar:2.3.28]
	at com.lrh.praser.FreemarkerPrase.prase(FreemarkerPrase.java:127) [classes/:na]
	at com.lrh.praser.FreemarkerPrase.praseServiceImpl(FreemarkerPrase.java:99) [classes/:na]
	at com.lrh.praser.FreemarkerPrase.praseTemplate(FreemarkerPrase.java:63) [classes/:na]
	at com.lrh.GenCode.gen(GenCode.java:43) [classes/:na]
	at com.lrh.GenCode.main(GenCode.java:37) [classes/:na]
15:34:04.410[ERROR][main]com.lrh.praser.FreemarkerPrase - 
freemarker.core.InvalidReferenceException: The following has evaluated to null or missing:
==> strategy.serviceClass  [in template "template/ServiceImpl.java.ftl" at line 6, column 10]

----
Tip: It's the step after the last dot that caused this error, not those before it.
----
Tip: If the failing expression is known to legally refer to something that's sometimes null or missing, either specify a default value like myOptionalVar!myDefault, or use <#if myOptionalVar??>when-present<#else>when-missing</#if>. (These only cover the last step of the expression; to cover the whole expression, use parenthesis: (myOptionalVar.foo)!myDefault, (myOptionalVar.foo)??
----

----
FTL stack trace ("~" means nesting-related):
	- Failed at: ${strategy.serviceClass}  [in template "template/ServiceImpl.java.ftl" at line 6, column 8]
----
	at freemarker.core.InvalidReferenceException.getInstance(InvalidReferenceException.java:134) ~[freemarker-2.3.28.jar:2.3.28]
	at freemarker.core.EvalUtil.coerceModelToTextualCommon(EvalUtil.java:467) ~[freemarker-2.3.28.jar:2.3.28]
	at freemarker.core.EvalUtil.coerceModelToStringOrMarkup(EvalUtil.java:389) ~[freemarker-2.3.28.jar:2.3.28]
	at freemarker.core.EvalUtil.coerceModelToStringOrMarkup(EvalUtil.java:358) ~[freemarker-2.3.28.jar:2.3.28]
	at freemarker.core.DollarVariable.calculateInterpolatedStringOrMarkup(DollarVariable.java:100) ~[freemarker-2.3.28.jar:2.3.28]
	at freemarker.core.DollarVariable.accept(DollarVariable.java:63) ~[freemarker-2.3.28.jar:2.3.28]
	at freemarker.core.Environment.visit(Environment.java:330) ~[freemarker-2.3.28.jar:2.3.28]
	at freemarker.core.Environment.visit(Environment.java:336) ~[freemarker-2.3.28.jar:2.3.28]
	at freemarker.core.Environment.process(Environment.java:309) ~[freemarker-2.3.28.jar:2.3.28]
	at freemarker.template.Template.process(Template.java:384) ~[freemarker-2.3.28.jar:2.3.28]
	at com.lrh.praser.FreemarkerPrase.prase(FreemarkerPrase.java:127) [classes/:na]
	at com.lrh.praser.FreemarkerPrase.praseServiceImpl(FreemarkerPrase.java:99) [classes/:na]
	at com.lrh.praser.FreemarkerPrase.praseTemplate(FreemarkerPrase.java:63) [classes/:na]
	at com.lrh.GenCode.gen(GenCode.java:43) [classes/:na]
	at com.lrh.GenCode.main(GenCode.java:37) [classes/:na]
15:35:37.212[ERROR][main]com.lrh.praser.FreemarkerPrase - 
freemarker.core.InvalidReferenceException: The following has evaluated to null or missing:
==> strategy.serviceClass  [in template "template/ServiceImpl.java.ftl" at line 6, column 37]

----
Tip: It's the step after the last dot that caused this error, not those before it.
----
Tip: If the failing expression is known to legally refer to something that's sometimes null or missing, either specify a default value like myOptionalVar!myDefault, or use <#if myOptionalVar??>when-present<#else>when-missing</#if>. (These only cover the last step of the expression; to cover the whole expression, use parenthesis: (myOptionalVar.foo)!myDefault, (myOptionalVar.foo)??
----

----
FTL stack trace ("~" means nesting-related):
	- Failed at: ${strategy.serviceClass}  [in template "template/ServiceImpl.java.ftl" at line 6, column 35]
----
	at freemarker.core.InvalidReferenceException.getInstance(InvalidReferenceException.java:134) ~[freemarker-2.3.28.jar:2.3.28]
	at freemarker.core.EvalUtil.coerceModelToTextualCommon(EvalUtil.java:467) ~[freemarker-2.3.28.jar:2.3.28]
	at freemarker.core.EvalUtil.coerceModelToStringOrMarkup(EvalUtil.java:389) ~[freemarker-2.3.28.jar:2.3.28]
	at freemarker.core.EvalUtil.coerceModelToStringOrMarkup(EvalUtil.java:358) ~[freemarker-2.3.28.jar:2.3.28]
	at freemarker.core.DollarVariable.calculateInterpolatedStringOrMarkup(DollarVariable.java:100) ~[freemarker-2.3.28.jar:2.3.28]
	at freemarker.core.DollarVariable.accept(DollarVariable.java:63) ~[freemarker-2.3.28.jar:2.3.28]
	at freemarker.core.Environment.visit(Environment.java:330) ~[freemarker-2.3.28.jar:2.3.28]
	at freemarker.core.Environment.visit(Environment.java:336) ~[freemarker-2.3.28.jar:2.3.28]
	at freemarker.core.Environment.process(Environment.java:309) ~[freemarker-2.3.28.jar:2.3.28]
	at freemarker.template.Template.process(Template.java:384) ~[freemarker-2.3.28.jar:2.3.28]
	at com.lrh.praser.FreemarkerPrase.prase(FreemarkerPrase.java:127) [classes/:na]
	at com.lrh.praser.FreemarkerPrase.praseServiceImpl(FreemarkerPrase.java:99) [classes/:na]
	at com.lrh.praser.FreemarkerPrase.praseTemplate(FreemarkerPrase.java:63) [classes/:na]
	at com.lrh.GenCode.gen(GenCode.java:43) [classes/:na]
	at com.lrh.GenCode.main(GenCode.java:37) [classes/:na]
15:35:57.248[ERROR][main]com.lrh.praser.FreemarkerPrase - 
freemarker.core.InvalidReferenceException: The following has evaluated to null or missing:
==> tableInfo.serviceClass  [in template "template/ServiceImpl.java.ftl" at line 6, column 37]

----
Tip: It's the step after the last dot that caused this error, not those before it.
----
Tip: If the failing expression is known to legally refer to something that's sometimes null or missing, either specify a default value like myOptionalVar!myDefault, or use <#if myOptionalVar??>when-present<#else>when-missing</#if>. (These only cover the last step of the expression; to cover the whole expression, use parenthesis: (myOptionalVar.foo)!myDefault, (myOptionalVar.foo)??
----

----
FTL stack trace ("~" means nesting-related):
	- Failed at: ${tableInfo.serviceClass}  [in template "template/ServiceImpl.java.ftl" at line 6, column 35]
----
	at freemarker.core.InvalidReferenceException.getInstance(InvalidReferenceException.java:134) ~[freemarker-2.3.28.jar:2.3.28]
	at freemarker.core.EvalUtil.coerceModelToTextualCommon(EvalUtil.java:467) ~[freemarker-2.3.28.jar:2.3.28]
	at freemarker.core.EvalUtil.coerceModelToStringOrMarkup(EvalUtil.java:389) ~[freemarker-2.3.28.jar:2.3.28]
	at freemarker.core.EvalUtil.coerceModelToStringOrMarkup(EvalUtil.java:358) ~[freemarker-2.3.28.jar:2.3.28]
	at freemarker.core.DollarVariable.calculateInterpolatedStringOrMarkup(DollarVariable.java:100) ~[freemarker-2.3.28.jar:2.3.28]
	at freemarker.core.DollarVariable.accept(DollarVariable.java:63) ~[freemarker-2.3.28.jar:2.3.28]
	at freemarker.core.Environment.visit(Environment.java:330) ~[freemarker-2.3.28.jar:2.3.28]
	at freemarker.core.Environment.visit(Environment.java:336) ~[freemarker-2.3.28.jar:2.3.28]
	at freemarker.core.Environment.process(Environment.java:309) ~[freemarker-2.3.28.jar:2.3.28]
	at freemarker.template.Template.process(Template.java:384) ~[freemarker-2.3.28.jar:2.3.28]
	at com.lrh.praser.FreemarkerPrase.prase(FreemarkerPrase.java:127) [classes/:na]
	at com.lrh.praser.FreemarkerPrase.praseServiceImpl(FreemarkerPrase.java:99) [classes/:na]
	at com.lrh.praser.FreemarkerPrase.praseTemplate(FreemarkerPrase.java:63) [classes/:na]
	at com.lrh.GenCode.gen(GenCode.java:43) [classes/:na]
	at com.lrh.GenCode.main(GenCode.java:37) [classes/:na]
